Using pre-set license
Built from '2021.3/staging' branch; Version is '2021.3.11f1 (0a5ca18544bf) revision 679073'; Using compiler version '192829333'; Build Type 'Release'
OS: 'Windows 10  (10.0.19044) 64bit Core' Language: 'ru' Physical Memory: 7931 MB
BatchMode: 1, IsHumanControllingUs: 0, StartBugReporterOnCrash: 0, Is64bit: 1, IsPro: 1

COMMAND LINE ARGUMENTS:
C:\Program Files\Unity\Hub\Editor\2021.3.11f1\Editor\Unity.exe
-adb2
-batchMode
-noUpm
-name
AssetImportWorker0
-projectPath
C:/Unity/TEST/Новая папка/Новая папка/Color Mixer Concept
-logFile
Logs/AssetImportWorker0.log
-srvPort
63360
Successfully changed project path to: C:/Unity/TEST/Новая папка/Новая папка/Color Mixer Concept
C:/Unity/TEST/Новая папка/Новая папка/Color Mixer Concept
[UnityMemory] Configuration Parameters - Can be set up in boot.config
    "memorysetup-bucket-allocator-granularity=16"
    "memorysetup-bucket-allocator-bucket-count=8"
    "memorysetup-bucket-allocator-block-size=33554432"
    "memorysetup-bucket-allocator-block-count=8"
    "memorysetup-main-allocator-block-size=16777216"
    "memorysetup-thread-allocator-block-size=16777216"
    "memorysetup-gfx-main-allocator-block-size=16777216"
    "memorysetup-gfx-thread-allocator-block-size=16777216"
    "memorysetup-cache-allocator-block-size=4194304"
    "memorysetup-typetree-allocator-block-size=2097152"
    "memorysetup-profiler-bucket-allocator-granularity=16"
    "memorysetup-profiler-bucket-allocator-bucket-count=8"
    "memorysetup-profiler-bucket-allocator-block-size=33554432"
    "memorysetup-profiler-bucket-allocator-block-count=8"
    "memorysetup-profiler-allocator-block-size=16777216"
    "memorysetup-profiler-editor-allocator-block-size=1048576"
    "memorysetup-temp-allocator-size-main=16777216"
    "memorysetup-job-temp-allocator-block-size=2097152"
    "memorysetup-job-temp-allocator-block-size-background=1048576"
    "memorysetup-job-temp-allocator-reduction-small-platforms=262144"
    "memorysetup-temp-allocator-size-background-worker=32768"
    "memorysetup-temp-allocator-size-job-worker=262144"
    "memorysetup-temp-allocator-size-preload-manager=33554432"
    "memorysetup-temp-allocator-size-nav-mesh-worker=65536"
    "memorysetup-temp-allocator-size-audio-worker=65536"
    "memorysetup-temp-allocator-size-cloud-worker=32768"
    "memorysetup-temp-allocator-size-gi-baking-worker=262144"
    "memorysetup-temp-allocator-size-gfx=262144"
Refreshing native plugins compatible for Editor in 156.35 ms, found 3 plugins.
Preloading 0 native plugins for Editor in 0.00 ms.
Initialize engine version: 2021.3.11f1 (0a5ca18544bf)
[Subsystems] Discovering subsystems at path C:/Program Files/Unity/Hub/Editor/2021.3.11f1/Editor/Data/Resources/UnitySubsystems
[Subsystems] Discovering subsystems at path C:/Unity/TEST/Новая папка/Новая папка/Color Mixer Concept/Assets
GfxDevice: creating device client; threaded=0; jobified=0
Direct3D:
    Version:  Direct3D 11.0 [level 11.1]
    Renderer: Intel(R) UHD Graphics (ID=0x8a56)
    Vendor:   Intel
    VRAM:     3965 MB
    Driver:   30.0.100.9805
Initialize mono
Mono path[0] = 'C:/Program Files/Unity/Hub/Editor/2021.3.11f1/Editor/Data/Managed'
Mono path[1] = 'C:/Program Files/Unity/Hub/Editor/2021.3.11f1/Editor/Data/MonoBleedingEdge/lib/mono/unityjit-win32'
Mono config path = 'C:/Program Files/Unity/Hub/Editor/2021.3.11f1/Editor/Data/MonoBleedingEdge/etc'
Using monoOptions --debugger-agent=transport=dt_socket,embedding=1,server=y,suspend=n,address=127.0.0.1:56352
Begin MonoManager ReloadAssembly
Registering precompiled unity dll's ...
Register platform support module: C:/Program Files/Unity/Hub/Editor/2021.3.11f1/Editor/Data/PlaybackEngines/AndroidPlayer/UnityEditor.Android.Extensions.dll
Register platform support module: C:/Program Files/Unity/Hub/Editor/2021.3.11f1/Editor/Data/PlaybackEngines/WindowsStandaloneSupport/UnityEditor.WindowsStandalone.Extensions.dll
Registered in 0.015419 seconds.
Native extension for WindowsStandalone target not found
Native extension for Android target not found
Refreshing native plugins compatible for Editor in 199.32 ms, found 3 plugins.
Preloading 0 native plugins for Editor in 0.00 ms.
Mono: successfully reloaded assembly
- Completed reload, in  1.347 seconds
Domain Reload Profiling:
	ReloadAssembly (1347ms)
		BeginReloadAssembly (128ms)
			ExecutionOrderSort (0ms)
			DisableScriptedObjects (0ms)
			BackupInstance (0ms)
			ReleaseScriptingObjects (0ms)
			CreateAndSetChildDomain (1ms)
		EndReloadAssembly (1002ms)
			LoadAssemblies (126ms)
			RebuildTransferFunctionScriptingTraits (0ms)
			SetupTypeCache (167ms)
			ReleaseScriptCaches (0ms)
			RebuildScriptCaches (236ms)
			SetupLoadedEditorAssemblies (524ms)
				LogAssemblyErrors (0ms)
				InitializePlatformSupportModulesInManaged (100ms)
				SetLoadedEditorAssemblies (0ms)
				RefreshPlugins (199ms)
				BeforeProcessingInitializeOnLoad (1ms)
				ProcessInitializeOnLoadAttributes (160ms)
				ProcessInitializeOnLoadMethodAttributes (63ms)
				AfterProcessingInitializeOnLoad (0ms)
				EditorAssembliesLoaded (0ms)
			ExecutionOrderSort2 (0ms)
			AwakeInstancesAfterBackupRestoration (0ms)
Platform modules already initialized, skipping
Registering precompiled user dll's ...
Registered in 0.007465 seconds.
Android Extension - Scanning For ADB Devices 5304 ms
Begin MonoManager ReloadAssembly
Symbol file LoadedFromMemory doesn't match image C:\Unity\TEST\Новая папка\Новая папка\Color Mixer Concept\Library\PackageCache\com.unity.visualscripting@1.7.8\Editor\VisualScripting.Core\Dependencies\YamlDotNet\Unity.VisualScripting.YamlDotNet.dll
Symbol file LoadedFromMemory doesn't match image C:\Unity\TEST\Новая папка\Новая папка\Color Mixer Concept\Library\PackageCache\com.unity.visualscripting@1.7.8\Editor\VisualScripting.Core\Dependencies\DotNetZip\Unity.VisualScripting.IonicZip.dll
Native extension for WindowsStandalone target not found
Native extension for Android target not found
Refreshing native plugins compatible for Editor in 4.40 ms, found 3 plugins.
Preloading 0 native plugins for Editor in 0.00 ms.
Mono: successfully reloaded assembly
- Completed reload, in  1.954 seconds
Domain Reload Profiling:
	ReloadAssembly (1956ms)
		BeginReloadAssembly (177ms)
			ExecutionOrderSort (0ms)
			DisableScriptedObjects (12ms)
			BackupInstance (0ms)
			ReleaseScriptingObjects (0ms)
			CreateAndSetChildDomain (28ms)
		EndReloadAssembly (1605ms)
			LoadAssemblies (144ms)
			RebuildTransferFunctionScriptingTraits (0ms)
			SetupTypeCache (574ms)
			ReleaseScriptCaches (1ms)
			RebuildScriptCaches (93ms)
			SetupLoadedEditorAssemblies (719ms)
				LogAssemblyErrors (0ms)
				InitializePlatformSupportModulesInManaged (33ms)
				SetLoadedEditorAssemblies (1ms)
				RefreshPlugins (4ms)
				BeforeProcessingInitializeOnLoad (127ms)
				ProcessInitializeOnLoadAttributes (492ms)
				ProcessInitializeOnLoadMethodAttributes (47ms)
				AfterProcessingInitializeOnLoad (14ms)
				EditorAssembliesLoaded (0ms)
			ExecutionOrderSort2 (0ms)
			AwakeInstancesAfterBackupRestoration (12ms)
Platform modules already initialized, skipping
========================================================================
Worker process is ready to serve import requests
Launched and connected shader compiler UnityShaderCompiler.exe after 0.06 seconds
Refreshing native plugins compatible for Editor in 0.55 ms, found 3 plugins.
Preloading 0 native plugins for Editor in 0.00 ms.
Unloading 3430 Unused Serialized files (Serialized files now loaded: 0)
Unloading 27 unused Assets / (113.3 KB). Loaded Objects now: 3889.
Memory consumption went from 119.4 MB to 119.3 MB.
Total: 3.503500 ms (FindLiveObjects: 0.321700 ms CreateObjectMapping: 0.254100 ms MarkObjects: 2.791100 ms  DeleteObjects: 0.135000 ms)

AssetImportParameters requested are different than current active one (requested -> active):
  custom:video-decoder-ogg-theora: a1e56fd34408186e4bbccfd4996cb3dc -> 
  custom:container-muxer-webm: aa71ff27fc2769a1b78a27578f13a17b -> 
  custom:container-demuxer-webm: 4f35f7cbe854078d1ac9338744f61a02 -> 
  custom:video-encoder-webm-vp8: eb34c28f22e8b96e1ab97ce403110664 -> 
  custom:audio-encoder-webm-vorbis: bf7c407c2cedff20999df2af8eb42d56 -> 
  custom:framework-win-MediaFoundation: 216162199b28c13a410421893ffa2e32 -> 
  custom:container-demuxer-ogg: 62fdf1f143b41e24485cea50d1cbac27 -> 
  custom:video-decoder-webm-vp8: 9c59270c3fd7afecdb556c50c9e8de78 -> 
  custom:audio-decoder-ogg-vorbis: bf7c407c2cedff20999df2af8eb42d56 -> 
========================================================================
Received Prepare
Registering precompiled user dll's ...
Registered in 0.009230 seconds.
Begin MonoManager ReloadAssembly
Symbol file LoadedFromMemory doesn't match image C:\Unity\TEST\Новая папка\Новая папка\Color Mixer Concept\Library\PackageCache\com.unity.visualscripting@1.7.8\Editor\VisualScripting.Core\Dependencies\YamlDotNet\Unity.VisualScripting.YamlDotNet.dll
Symbol file LoadedFromMemory doesn't match image C:\Unity\TEST\Новая папка\Новая папка\Color Mixer Concept\Library\PackageCache\com.unity.visualscripting@1.7.8\Editor\VisualScripting.Core\Dependencies\DotNetZip\Unity.VisualScripting.IonicZip.dll
Native extension for WindowsStandalone target not found
Native extension for Android target not found
Refreshing native plugins compatible for Editor in 0.55 ms, found 3 plugins.
Preloading 0 native plugins for Editor in 0.00 ms.
Mono: successfully reloaded assembly
- Completed reload, in  1.442 seconds
Domain Reload Profiling:
	ReloadAssembly (1444ms)
		BeginReloadAssembly (222ms)
			ExecutionOrderSort (0ms)
			DisableScriptedObjects (13ms)
			BackupInstance (0ms)
			ReleaseScriptingObjects (0ms)
			CreateAndSetChildDomain (52ms)
		EndReloadAssembly (1049ms)
			LoadAssemblies (128ms)
			RebuildTransferFunctionScriptingTraits (0ms)
			SetupTypeCache (358ms)
			ReleaseScriptCaches (1ms)
			RebuildScriptCaches (60ms)
			SetupLoadedEditorAssemblies (456ms)
				LogAssemblyErrors (0ms)
				InitializePlatformSupportModulesInManaged (35ms)
				SetLoadedEditorAssemblies (1ms)
				RefreshPlugins (1ms)
				BeforeProcessingInitializeOnLoad (94ms)
				ProcessInitializeOnLoadAttributes (285ms)
				ProcessInitializeOnLoadMethodAttributes (33ms)
				AfterProcessingInitializeOnLoad (7ms)
				EditorAssembliesLoaded (0ms)
			ExecutionOrderSort2 (0ms)
			AwakeInstancesAfterBackupRestoration (7ms)
Platform modules already initialized, skipping
Refreshing native plugins compatible for Editor in 2.29 ms, found 3 plugins.
Preloading 0 native plugins for Editor in 0.00 ms.
Unloading 3430 Unused Serialized files (Serialized files now loaded: 0)
Unloading 25 unused Assets / (0.7 MB). Loaded Objects now: 3892.
Memory consumption went from 120.8 MB to 120.1 MB.
Total: 4.241600 ms (FindLiveObjects: 0.216700 ms CreateObjectMapping: 0.134100 ms MarkObjects: 3.392500 ms  DeleteObjects: 0.497200 ms)

AssetImportParameters requested are different than current active one (requested -> active):
  custom:video-decoder-ogg-theora: a1e56fd34408186e4bbccfd4996cb3dc -> 
  custom:container-muxer-webm: aa71ff27fc2769a1b78a27578f13a17b -> 
  custom:container-demuxer-webm: 4f35f7cbe854078d1ac9338744f61a02 -> 
  custom:video-encoder-webm-vp8: eb34c28f22e8b96e1ab97ce403110664 -> 
  custom:audio-encoder-webm-vorbis: bf7c407c2cedff20999df2af8eb42d56 -> 
  custom:framework-win-MediaFoundation: 216162199b28c13a410421893ffa2e32 -> 
  custom:container-demuxer-ogg: 62fdf1f143b41e24485cea50d1cbac27 -> 
  custom:video-decoder-webm-vp8: 9c59270c3fd7afecdb556c50c9e8de78 -> 
  custom:audio-decoder-ogg-vorbis: bf7c407c2cedff20999df2af8eb42d56 -> 
========================================================================
Received Import Request.
  Time since last request: 864417.573725 seconds.
  path: Assets/Resources
  artifactKey: Guid(07173fcc6546a2b409e61e30edc4f63a) Importer(815301076,1909f56bfc062723c751e8b465ee728b)
Start importing Assets/Resources using Guid(07173fcc6546a2b409e61e30edc4f63a) Importer(815301076,1909f56bfc062723c751e8b465ee728b)  -> (artifact id: '5b40e28212692671d953cba0a17c8a58') in 0.016082 seconds 
========================================================================
Received Import Request.
  Time since last request: 3.301021 seconds.
  path: Assets/Resources/Scenes
  artifactKey: Guid(6ea315d0fd7389c41b19996891e99ae3) Importer(815301076,1909f56bfc062723c751e8b465ee728b)
Start importing Assets/Resources/Scenes using Guid(6ea315d0fd7389c41b19996891e99ae3) Importer(815301076,1909f56bfc062723c751e8b465ee728b)  -> (artifact id: 'b8193726cff86800c54781cdc6d54904') in 0.014265 seconds 
========================================================================
Received Import Request.
  Time since last request: 1.506705 seconds.
  path: Assets/Resources/Scenes/Level 1.unity
  artifactKey: Guid(9fc0d4010bbf28b4594072e72b8655ab) Importer(815301076,1909f56bfc062723c751e8b465ee728b)
Start importing Assets/Resources/Scenes/Level 1.unity using Guid(9fc0d4010bbf28b4594072e72b8655ab) Importer(815301076,1909f56bfc062723c751e8b465ee728b)  -> (artifact id: 'bd35b4653072065aa0d5c59e039c7260') in 0.010376 seconds 
========================================================================
Received Prepare
Registering precompiled user dll's ...
Registered in 0.007819 seconds.
Begin MonoManager ReloadAssembly
Symbol file LoadedFromMemory doesn't match image C:\Unity\TEST\Новая папка\Новая папка\Color Mixer Concept\Library\PackageCache\com.unity.visualscripting@1.7.8\Editor\VisualScripting.Core\Dependencies\YamlDotNet\Unity.VisualScripting.YamlDotNet.dll
Symbol file LoadedFromMemory doesn't match image C:\Unity\TEST\Новая папка\Новая папка\Color Mixer Concept\Library\PackageCache\com.unity.visualscripting@1.7.8\Editor\VisualScripting.Core\Dependencies\DotNetZip\Unity.VisualScripting.IonicZip.dll
Native extension for WindowsStandalone target not found
Native extension for Android target not found
Refreshing native plugins compatible for Editor in 1.86 ms, found 3 plugins.
Preloading 0 native plugins for Editor in 0.00 ms.
Mono: successfully reloaded assembly
- Completed reload, in  2.452 seconds
Domain Reload Profiling:
	ReloadAssembly (2453ms)
		BeginReloadAssembly (203ms)
			ExecutionOrderSort (0ms)
			DisableScriptedObjects (8ms)
			BackupInstance (0ms)
			ReleaseScriptingObjects (0ms)
			CreateAndSetChildDomain (52ms)
		EndReloadAssembly (2116ms)
			LoadAssemblies (123ms)
			RebuildTransferFunctionScriptingTraits (0ms)
			SetupTypeCache (686ms)
			ReleaseScriptCaches (3ms)
			RebuildScriptCaches (122ms)
			SetupLoadedEditorAssemblies (1004ms)
				LogAssemblyErrors (0ms)
				InitializePlatformSupportModulesInManaged (71ms)
				SetLoadedEditorAssemblies (1ms)
				RefreshPlugins (2ms)
				BeforeProcessingInitializeOnLoad (186ms)
				ProcessInitializeOnLoadAttributes (633ms)
				ProcessInitializeOnLoadMethodAttributes (93ms)
				AfterProcessingInitializeOnLoad (17ms)
				EditorAssembliesLoaded (1ms)
			ExecutionOrderSort2 (0ms)
			AwakeInstancesAfterBackupRestoration (19ms)
Platform modules already initialized, skipping
Refreshing native plugins compatible for Editor in 2.99 ms, found 3 plugins.
Preloading 0 native plugins for Editor in 0.00 ms.
Unloading 3430 Unused Serialized files (Serialized files now loaded: 0)
Unloading 25 unused Assets / (0.7 MB). Loaded Objects now: 3895.
Memory consumption went from 120.8 MB to 120.1 MB.
Total: 6.679900 ms (FindLiveObjects: 0.333800 ms CreateObjectMapping: 0.251600 ms MarkObjects: 5.316700 ms  DeleteObjects: 0.776200 ms)

AssetImportParameters requested are different than current active one (requested -> active):
  custom:video-decoder-ogg-theora: a1e56fd34408186e4bbccfd4996cb3dc -> 
  custom:container-muxer-webm: aa71ff27fc2769a1b78a27578f13a17b -> 
  custom:container-demuxer-webm: 4f35f7cbe854078d1ac9338744f61a02 -> 
  custom:video-encoder-webm-vp8: eb34c28f22e8b96e1ab97ce403110664 -> 
  custom:audio-encoder-webm-vorbis: bf7c407c2cedff20999df2af8eb42d56 -> 
  custom:framework-win-MediaFoundation: 216162199b28c13a410421893ffa2e32 -> 
  custom:container-demuxer-ogg: 62fdf1f143b41e24485cea50d1cbac27 -> 
  custom:video-decoder-webm-vp8: 9c59270c3fd7afecdb556c50c9e8de78 -> 
  custom:audio-decoder-ogg-vorbis: bf7c407c2cedff20999df2af8eb42d56 -> 
========================================================================
Received Prepare
Registering precompiled user dll's ...
Registered in 0.022039 seconds.
Begin MonoManager ReloadAssembly
Symbol file LoadedFromMemory doesn't match image C:\Unity\TEST\Новая папка\Новая папка\Color Mixer Concept\Library\PackageCache\com.unity.visualscripting@1.7.8\Editor\VisualScripting.Core\Dependencies\YamlDotNet\Unity.VisualScripting.YamlDotNet.dll
Symbol file LoadedFromMemory doesn't match image C:\Unity\TEST\Новая папка\Новая папка\Color Mixer Concept\Library\PackageCache\com.unity.visualscripting@1.7.8\Editor\VisualScripting.Core\Dependencies\DotNetZip\Unity.VisualScripting.IonicZip.dll
Native extension for WindowsStandalone target not found
Native extension for Android target not found
Refreshing native plugins compatible for Editor in 0.60 ms, found 3 plugins.
Preloading 0 native plugins for Editor in 0.00 ms.
Mono: successfully reloaded assembly
- Completed reload, in  2.842 seconds
Domain Reload Profiling:
	ReloadAssembly (2844ms)
		BeginReloadAssembly (368ms)
			ExecutionOrderSort (0ms)
			DisableScriptedObjects (14ms)
			BackupInstance (0ms)
			ReleaseScriptingObjects (0ms)
			CreateAndSetChildDomain (129ms)
		EndReloadAssembly (2176ms)
			LoadAssemblies (244ms)
			RebuildTransferFunctionScriptingTraits (0ms)
			SetupTypeCache (838ms)
			ReleaseScriptCaches (2ms)
			RebuildScriptCaches (166ms)
			SetupLoadedEditorAssemblies (779ms)
				LogAssemblyErrors (0ms)
				InitializePlatformSupportModulesInManaged (67ms)
				SetLoadedEditorAssemblies (1ms)
				RefreshPlugins (1ms)
				BeforeProcessingInitializeOnLoad (152ms)
				ProcessInitializeOnLoadAttributes (477ms)
				ProcessInitializeOnLoadMethodAttributes (65ms)
				AfterProcessingInitializeOnLoad (15ms)
				EditorAssembliesLoaded (0ms)
			ExecutionOrderSort2 (0ms)
			AwakeInstancesAfterBackupRestoration (11ms)
Platform modules already initialized, skipping
Refreshing native plugins compatible for Editor in 2.25 ms, found 3 plugins.
Preloading 0 native plugins for Editor in 0.00 ms.
Unloading 3430 Unused Serialized files (Serialized files now loaded: 0)
Unloading 25 unused Assets / (0.7 MB). Loaded Objects now: 3898.
Memory consumption went from 120.8 MB to 120.1 MB.
Total: 4.577400 ms (FindLiveObjects: 0.310300 ms CreateObjectMapping: 0.230400 ms MarkObjects: 3.276500 ms  DeleteObjects: 0.758800 ms)

AssetImportParameters requested are different than current active one (requested -> active):
  custom:video-decoder-ogg-theora: a1e56fd34408186e4bbccfd4996cb3dc -> 
  custom:container-muxer-webm: aa71ff27fc2769a1b78a27578f13a17b -> 
  custom:container-demuxer-webm: 4f35f7cbe854078d1ac9338744f61a02 -> 
  custom:video-encoder-webm-vp8: eb34c28f22e8b96e1ab97ce403110664 -> 
  custom:audio-encoder-webm-vorbis: bf7c407c2cedff20999df2af8eb42d56 -> 
  custom:framework-win-MediaFoundation: 216162199b28c13a410421893ffa2e32 -> 
  custom:container-demuxer-ogg: 62fdf1f143b41e24485cea50d1cbac27 -> 
  custom:video-decoder-webm-vp8: 9c59270c3fd7afecdb556c50c9e8de78 -> 
  custom:audio-decoder-ogg-vorbis: bf7c407c2cedff20999df2af8eb42d56 -> 
========================================================================
Received Prepare
Refreshing native plugins compatible for Editor in 6.91 ms, found 3 plugins.
Preloading 0 native plugins for Editor in 0.00 ms.
Unloading 25 Unused Serialized files (Serialized files now loaded: 0)
Unloading 25 unused Assets / (0.7 MB). Loaded Objects now: 3898.
Memory consumption went from 51.7 MB to 50.9 MB.
Total: 4.275900 ms (FindLiveObjects: 0.229500 ms CreateObjectMapping: 0.127600 ms MarkObjects: 3.485200 ms  DeleteObjects: 0.432500 ms)

AssetImportParameters requested are different than current active one (requested -> active):
  custom:video-decoder-ogg-theora: a1e56fd34408186e4bbccfd4996cb3dc -> 
  custom:container-muxer-webm: aa71ff27fc2769a1b78a27578f13a17b -> 
  custom:container-demuxer-webm: 4f35f7cbe854078d1ac9338744f61a02 -> 
  custom:video-encoder-webm-vp8: eb34c28f22e8b96e1ab97ce403110664 -> 
  custom:audio-encoder-webm-vorbis: bf7c407c2cedff20999df2af8eb42d56 -> 
  custom:framework-win-MediaFoundation: 216162199b28c13a410421893ffa2e32 -> 
  custom:container-demuxer-ogg: 62fdf1f143b41e24485cea50d1cbac27 -> 
  custom:video-decoder-webm-vp8: 9c59270c3fd7afecdb556c50c9e8de78 -> 
  custom:audio-decoder-ogg-vorbis: bf7c407c2cedff20999df2af8eb42d56 -> 
========================================================================
Received Prepare
Refreshing native plugins compatible for Editor in 4.61 ms, found 3 plugins.
Preloading 0 native plugins for Editor in 0.00 ms.
Unloading 25 Unused Serialized files (Serialized files now loaded: 0)
Unloading 25 unused Assets / (0.7 MB). Loaded Objects now: 3898.
Memory consumption went from 51.7 MB to 50.9 MB.
Total: 4.084200 ms (FindLiveObjects: 0.230100 ms CreateObjectMapping: 0.125200 ms MarkObjects: 3.239100 ms  DeleteObjects: 0.488400 ms)

AssetImportParameters requested are different than current active one (requested -> active):
  custom:video-decoder-ogg-theora: a1e56fd34408186e4bbccfd4996cb3dc -> 
  custom:container-muxer-webm: aa71ff27fc2769a1b78a27578f13a17b -> 
  custom:container-demuxer-webm: 4f35f7cbe854078d1ac9338744f61a02 -> 
  custom:video-encoder-webm-vp8: eb34c28f22e8b96e1ab97ce403110664 -> 
  custom:audio-encoder-webm-vorbis: bf7c407c2cedff20999df2af8eb42d56 -> 
  custom:framework-win-MediaFoundation: 216162199b28c13a410421893ffa2e32 -> 
  custom:container-demuxer-ogg: 62fdf1f143b41e24485cea50d1cbac27 -> 
  custom:video-decoder-webm-vp8: 9c59270c3fd7afecdb556c50c9e8de78 -> 
  custom:audio-decoder-ogg-vorbis: bf7c407c2cedff20999df2af8eb42d56 -> 
========================================================================
Received Prepare
Registering precompiled user dll's ...
Registered in 0.007705 seconds.
Begin MonoManager ReloadAssembly
Symbol file LoadedFromMemory doesn't match image C:\Unity\TEST\Новая папка\Новая папка\Color Mixer Concept\Library\PackageCache\com.unity.visualscripting@1.7.8\Editor\VisualScripting.Core\Dependencies\YamlDotNet\Unity.VisualScripting.YamlDotNet.dll
Symbol file LoadedFromMemory doesn't match image C:\Unity\TEST\Новая папка\Новая папка\Color Mixer Concept\Library\PackageCache\com.unity.visualscripting@1.7.8\Editor\VisualScripting.Core\Dependencies\DotNetZip\Unity.VisualScripting.IonicZip.dll
Native extension for WindowsStandalone target not found
Native extension for Android target not found
Refreshing native plugins compatible for Editor in 265.50 ms, found 3 plugins.
Preloading 0 native plugins for Editor in 0.00 ms.
Mono: successfully reloaded assembly
- Completed reload, in  2.601 seconds
Domain Reload Profiling:
	ReloadAssembly (2602ms)
		BeginReloadAssembly (178ms)
			ExecutionOrderSort (0ms)
			DisableScriptedObjects (9ms)
			BackupInstance (0ms)
			ReleaseScriptingObjects (0ms)
			CreateAndSetChildDomain (46ms)
		EndReloadAssembly (2276ms)
			LoadAssemblies (126ms)
			RebuildTransferFunctionScriptingTraits (0ms)
			SetupTypeCache (382ms)
			ReleaseScriptCaches (11ms)
			RebuildScriptCaches (132ms)
			SetupLoadedEditorAssemblies (1454ms)
				LogAssemblyErrors (0ms)
				InitializePlatformSupportModulesInManaged (60ms)
				SetLoadedEditorAssemblies (0ms)
				RefreshPlugins (266ms)
				BeforeProcessingInitializeOnLoad (212ms)
				ProcessInitializeOnLoadAttributes (766ms)
				ProcessInitializeOnLoadMethodAttributes (142ms)
				AfterProcessingInitializeOnLoad (7ms)
				EditorAssembliesLoaded (0ms)
			ExecutionOrderSort2 (0ms)
			AwakeInstancesAfterBackupRestoration (9ms)
Platform modules already initialized, skipping
Refreshing native plugins compatible for Editor in 2.48 ms, found 3 plugins.
Preloading 0 native plugins for Editor in 0.00 ms.
Unloading 4393 Unused Serialized files (Serialized files now loaded: 0)
Unloading 36 unused Assets / (1.4 MB). Loaded Objects now: 4853.
Memory consumption went from 151.9 MB to 150.5 MB.
Total: 3.646800 ms (FindLiveObjects: 0.370800 ms CreateObjectMapping: 0.169900 ms MarkObjects: 2.513800 ms  DeleteObjects: 0.590700 ms)

AssetImportParameters requested are different than current active one (requested -> active):
  custom:video-decoder-ogg-theora: a1e56fd34408186e4bbccfd4996cb3dc -> 
  custom:container-muxer-webm: aa71ff27fc2769a1b78a27578f13a17b -> 
  custom:container-demuxer-webm: 4f35f7cbe854078d1ac9338744f61a02 -> 
  custom:video-encoder-webm-vp8: eb34c28f22e8b96e1ab97ce403110664 -> 
  custom:audio-encoder-webm-vorbis: bf7c407c2cedff20999df2af8eb42d56 -> 
  custom:framework-win-MediaFoundation: 216162199b28c13a410421893ffa2e32 -> 
  custom:container-demuxer-ogg: 62fdf1f143b41e24485cea50d1cbac27 -> 
  custom:video-decoder-webm-vp8: 9c59270c3fd7afecdb556c50c9e8de78 -> 
  custom:audio-decoder-ogg-vorbis: bf7c407c2cedff20999df2af8eb42d56 -> 
========================================================================
Received Import Request.
  Time since last request: 660.744692 seconds.
  path: Assets/Resources/Materials/brown.mat
  artifactKey: Guid(cfaaaeb100e033b4ab8df8526275fbc5) Importer(815301076,1909f56bfc062723c751e8b465ee728b)
Start importing Assets/Resources/Materials/brown.mat using Guid(cfaaaeb100e033b4ab8df8526275fbc5) Importer(815301076,1909f56bfc062723c751e8b465ee728b)  -> (artifact id: 'e6bc29ee68b455b78b9482dc29bb9300') in 0.218170 seconds 
========================================================================
Received Import Request.
  Time since last request: 0.000038 seconds.
  path: Assets/Resources/Materials/red.mat
  artifactKey: Guid(fe1400036710ea04da0e934498d3dfba) Importer(815301076,1909f56bfc062723c751e8b465ee728b)
Start importing Assets/Resources/Materials/red.mat using Guid(fe1400036710ea04da0e934498d3dfba) Importer(815301076,1909f56bfc062723c751e8b465ee728b)  -> (artifact id: 'c02ab56a61eda177d356138262d9cde2') in 0.041790 seconds 
========================================================================
Received Import Request.
  Time since last request: 0.000060 seconds.
  path: Assets/Resources/Materials/greenWhite.mat
  artifactKey: Guid(9db5f34780e7dc44bb7eb89175995ca6) Importer(815301076,1909f56bfc062723c751e8b465ee728b)
Start importing Assets/Resources/Materials/greenWhite.mat using Guid(9db5f34780e7dc44bb7eb89175995ca6) Importer(815301076,1909f56bfc062723c751e8b465ee728b)  -> (artifact id: '1a22ee0be838844991e66a956b58f611') in 0.042455 seconds 
========================================================================
Received Import Request.
  Time since last request: 0.000029 seconds.
  path: Assets/Resources/Materials/ORANGE.mat
  artifactKey: Guid(66d204a53cb40b841afc78e64a8190d0) Importer(815301076,1909f56bfc062723c751e8b465ee728b)
Start importing Assets/Resources/Materials/ORANGE.mat using Guid(66d204a53cb40b841afc78e64a8190d0) Importer(815301076,1909f56bfc062723c751e8b465ee728b)  -> (artifact id: '4f9a491da8f7d7cc3d2bdc3654b743aa') in 0.042994 seconds 
========================================================================
Received Import Request.
  Time since last request: 0.000033 seconds.
  path: Assets/Resources/Materials/Mask.mat
  artifactKey: Guid(7197c16083e2ae045ab62be6567906c0) Importer(815301076,1909f56bfc062723c751e8b465ee728b)
Start importing Assets/Resources/Materials/Mask.mat using Guid(7197c16083e2ae045ab62be6567906c0) Importer(815301076,1909f56bfc062723c751e8b465ee728b)  -> (artifact id: 'f8f7e2d1a8a5e5155afe171868dfa3ac') in 0.067306 seconds 
========================================================================
Received Import Request.
  Time since last request: 0.000019 seconds.
  path: Assets/Resources/Materials/green.mat
  artifactKey: Guid(98a705e63f59616488e5b7a44d2d9a99) Importer(815301076,1909f56bfc062723c751e8b465ee728b)
Start importing Assets/Resources/Materials/green.mat using Guid(98a705e63f59616488e5b7a44d2d9a99) Importer(815301076,1909f56bfc062723c751e8b465ee728b)  -> (artifact id: 'aa65d5e0546975d5252ebf6def14f988') in 0.034591 seconds 
========================================================================
Received Import Request.
  Time since last request: 0.000031 seconds.
  path: Assets/Resources/Materials/Materials.mat
  artifactKey: Guid(aa2920aa892a89c43b04d116aaf160e6) Importer(815301076,1909f56bfc062723c751e8b465ee728b)
Start importing Assets/Resources/Materials/Materials.mat using Guid(aa2920aa892a89c43b04d116aaf160e6) Importer(815301076,1909f56bfc062723c751e8b465ee728b)  -> (artifact id: '31a8d900c35cde3762e86b08172948b8') in 0.035920 seconds 
========================================================================
Received Import Request.
  Time since last request: 0.000040 seconds.
  path: Assets/Resources/Materials/Shader Graphs_liquidoShader.mat
  artifactKey: Guid(16cf235b5df1a4348bfb3d566180cae8) Importer(815301076,1909f56bfc062723c751e8b465ee728b)
Start importing Assets/Resources/Materials/Shader Graphs_liquidoShader.mat using Guid(16cf235b5df1a4348bfb3d566180cae8) Importer(815301076,1909f56bfc062723c751e8b465ee728b)  -> (artifact id: '6afc647bf763f481aca7d8091ba94fde') in 0.057030 seconds 
========================================================================
Received Import Request.
  Time since last request: 0.000021 seconds.
  path: Assets/Resources/Materials/New Material 3.mat
  artifactKey: Guid(c46cb8b202ade274cb036454d697d7ab) Importer(815301076,1909f56bfc062723c751e8b465ee728b)
Start importing Assets/Resources/Materials/New Material 3.mat using Guid(c46cb8b202ade274cb036454d697d7ab) Importer(815301076,1909f56bfc062723c751e8b465ee728b)  -> (artifact id: '2cd873c0b4a42ae4ef4ce086a9886f55') in 0.041301 seconds 
========================================================================
Received Import Request.
  Time since last request: 0.000032 seconds.
  path: Assets/Resources/Materials/yellow.mat
  artifactKey: Guid(c4316975f1dfa184ebda3a9216be0eea) Importer(815301076,1909f56bfc062723c751e8b465ee728b)
Start importing Assets/Resources/Materials/yellow.mat using Guid(c4316975f1dfa184ebda3a9216be0eea) Importer(815301076,1909f56bfc062723c751e8b465ee728b)  -> (artifact id: 'a2b398ffef4777fdeb2f85ae5ca714a1') in 0.036518 seconds 
========================================================================
Received Import Request.
  Time since last request: 0.000037 seconds.
  path: Assets/Resources/Materials/Buttonmaterials.mat
  artifactKey: Guid(096f3ad1b2eafc34cac89fe0647f4b0d) Importer(815301076,1909f56bfc062723c751e8b465ee728b)
Start importing Assets/Resources/Materials/Buttonmaterials.mat using Guid(096f3ad1b2eafc34cac89fe0647f4b0d) Importer(815301076,1909f56bfc062723c751e8b465ee728b)  -> (artifact id: '5d960817a49ff9f0020a7ad278510861') in 1.103003 seconds 
========================================================================
Received Import Request.
  Time since last request: 57.577974 seconds.
  path: Assets/Resources/Materials/Blue.mat
  artifactKey: Guid(bd46ba48bc0a32d47b0a56333c073de6) Importer(815301076,1909f56bfc062723c751e8b465ee728b)
Start importing Assets/Resources/Materials/Blue.mat using Guid(bd46ba48bc0a32d47b0a56333c073de6) Importer(815301076,1909f56bfc062723c751e8b465ee728b)  -> (artifact id: '50486926ced8b700ab8b730b66419fd6') in 0.601473 seconds 
========================================================================
Received Import Request.
  Time since last request: 0.000031 seconds.
  path: Assets/Resources/Materials/red.mat
  artifactKey: Guid(fe1400036710ea04da0e934498d3dfba) Importer(815301076,1909f56bfc062723c751e8b465ee728b)
Start importing Assets/Resources/Materials/red.mat using Guid(fe1400036710ea04da0e934498d3dfba) Importer(815301076,1909f56bfc062723c751e8b465ee728b)  -> (artifact id: 'dc676a747bc4c38c611749f7030c8ff0') in 0.202907 seconds 
========================================================================
Received Import Request.
  Time since last request: 0.000043 seconds.
  path: Assets/Resources/Materials/greenWhite.mat
  artifactKey: Guid(9db5f34780e7dc44bb7eb89175995ca6) Importer(815301076,1909f56bfc062723c751e8b465ee728b)
Start importing Assets/Resources/Materials/greenWhite.mat using Guid(9db5f34780e7dc44bb7eb89175995ca6) Importer(815301076,1909f56bfc062723c751e8b465ee728b)  -> (artifact id: 'f2fb5c7dcf8960c0d2f9f5e305b91269') in 0.017845 seconds 
========================================================================
Received Import Request.
  Time since last request: 0.000047 seconds.
  path: Assets/Resources/Materials/ORANGE.mat
  artifactKey: Guid(66d204a53cb40b841afc78e64a8190d0) Importer(815301076,1909f56bfc062723c751e8b465ee728b)
Start importing Assets/Resources/Materials/ORANGE.mat using Guid(66d204a53cb40b841afc78e64a8190d0) Importer(815301076,1909f56bfc062723c751e8b465ee728b)  -> (artifact id: '147af07442a23700ac4d32b22bf9efd9') in 0.019408 seconds 
========================================================================
Received Import Request.
  Time since last request: 0.000043 seconds.
  path: Assets/Resources/Materials/brown.mat
  artifactKey: Guid(cfaaaeb100e033b4ab8df8526275fbc5) Importer(815301076,1909f56bfc062723c751e8b465ee728b)
Start importing Assets/Resources/Materials/brown.mat using Guid(cfaaaeb100e033b4ab8df8526275fbc5) Importer(815301076,1909f56bfc062723c751e8b465ee728b)  -> (artifact id: 'c2e116e630f9974c2a39f5ab4a04050f') in 0.018364 seconds 
========================================================================
Received Import Request.
  Time since last request: 0.000032 seconds.
  path: Assets/Resources/Materials/grow.mat
  artifactKey: Guid(70e1efe088a1c704185ca04be6e55a13) Importer(815301076,1909f56bfc062723c751e8b465ee728b)
Start importing Assets/Resources/Materials/grow.mat using Guid(70e1efe088a1c704185ca04be6e55a13) Importer(815301076,1909f56bfc062723c751e8b465ee728b)  -> (artifact id: '08e92e6ea0d60ead31b59796e03538bb') in 0.020252 seconds 
========================================================================
Received Import Request.
  Time since last request: 0.000025 seconds.
  path: Assets/Resources/Materials/green.mat
  artifactKey: Guid(98a705e63f59616488e5b7a44d2d9a99) Importer(815301076,1909f56bfc062723c751e8b465ee728b)
Start importing Assets/Resources/Materials/green.mat using Guid(98a705e63f59616488e5b7a44d2d9a99) Importer(815301076,1909f56bfc062723c751e8b465ee728b)  -> (artifact id: '5d345b706caba0b04066814a69ac4971') in 0.020261 seconds 
========================================================================
Received Import Request.
  Time since last request: 0.000029 seconds.
  path: Assets/Resources/Materials/Materials.mat
  artifactKey: Guid(aa2920aa892a89c43b04d116aaf160e6) Importer(815301076,1909f56bfc062723c751e8b465ee728b)
Start importing Assets/Resources/Materials/Materials.mat using Guid(aa2920aa892a89c43b04d116aaf160e6) Importer(815301076,1909f56bfc062723c751e8b465ee728b)  -> (artifact id: '2d26a1a35746f2a8f138a06455724566') in 0.278662 seconds 
========================================================================
Received Import Request.
  Time since last request: 0.000049 seconds.
  path: Assets/Resources/Materials/Shader Graphs_liquidoShader.mat
  artifactKey: Guid(16cf235b5df1a4348bfb3d566180cae8) Importer(815301076,1909f56bfc062723c751e8b465ee728b)
Start importing Assets/Resources/Materials/Shader Graphs_liquidoShader.mat using Guid(16cf235b5df1a4348bfb3d566180cae8) Importer(815301076,1909f56bfc062723c751e8b465ee728b)  -> (artifact id: '7d89ef2ac51780905c1b3fbf74cf3666') in 0.094308 seconds 
========================================================================
Received Import Request.
  Time since last request: 0.000220 seconds.
  path: Assets/Resources/Materials/New Material 3.mat
  artifactKey: Guid(c46cb8b202ade274cb036454d697d7ab) Importer(815301076,1909f56bfc062723c751e8b465ee728b)
Start importing Assets/Resources/Materials/New Material 3.mat using Guid(c46cb8b202ade274cb036454d697d7ab) Importer(815301076,1909f56bfc062723c751e8b465ee728b)  -> (artifact id: '3fee5b344dd1e97e57b6a8991f345d6d') in 0.049657 seconds 
========================================================================
Received Import Request.
  Time since last request: 0.000034 seconds.
  path: Assets/Resources/Materials/yellow.mat
  artifactKey: Guid(c4316975f1dfa184ebda3a9216be0eea) Importer(815301076,1909f56bfc062723c751e8b465ee728b)
Start importing Assets/Resources/Materials/yellow.mat using Guid(c4316975f1dfa184ebda3a9216be0eea) Importer(815301076,1909f56bfc062723c751e8b465ee728b)  -> (artifact id: 'c0a59f2fad4c68d6ac83e28a31e05319') in 0.041747 seconds 
========================================================================
Received Import Request.
  Time since last request: 0.000032 seconds.
  path: Assets/Resources/Materials/New Material.mat
  artifactKey: Guid(fed1bba0a8ea69245b92346a59f85661) Importer(815301076,1909f56bfc062723c751e8b465ee728b)
Start importing Assets/Resources/Materials/New Material.mat using Guid(fed1bba0a8ea69245b92346a59f85661) Importer(815301076,1909f56bfc062723c751e8b465ee728b)  -> (artifact id: '6ecec439b83dedb3d3c0125958096ec0') in 0.293903 seconds 
========================================================================
Received Import Request.
  Time since last request: 4.095217 seconds.
  path: Assets/Resources/Images/1636589782_67-papik-pro-p-stakan-risunok-bez-fona-68.png
  artifactKey: Guid(dfa4ab89b04d5884f8c630ad5994e6bf) Importer(815301076,1909f56bfc062723c751e8b465ee728b)
Start importing Assets/Resources/Images/1636589782_67-papik-pro-p-stakan-risunok-bez-fona-68.png using Guid(dfa4ab89b04d5884f8c630ad5994e6bf) Importer(815301076,1909f56bfc062723c751e8b465ee728b)  -> (artifact id: '0df14173eb632a77e65397ce1ac861c9') in 0.235535 seconds 
========================================================================
Received Import Request.
  Time since last request: 0.000035 seconds.
  path: Assets/Resources/Images/Lovepik_com-610710561-Flat vector dialog picture.png
  artifactKey: Guid(966f87788fb36244ba8dc56df47f094b) Importer(815301076,1909f56bfc062723c751e8b465ee728b)
Start importing Assets/Resources/Images/Lovepik_com-610710561-Flat vector dialog picture.png using Guid(966f87788fb36244ba8dc56df47f094b) Importer(815301076,1909f56bfc062723c751e8b465ee728b)  -> (artifact id: '9b22853e961169ac42e7aeb55eb83272') in 0.532684 seconds 
========================================================================
Received Import Request.
  Time since last request: 0.000507 seconds.
  path: Assets/Resources/Images/pngwing.com.png
  artifactKey: Guid(1f86f6a01cbfb9d4e95003598b0f2792) Importer(815301076,1909f56bfc062723c751e8b465ee728b)
Start importing Assets/Resources/Images/pngwing.com.png using Guid(1f86f6a01cbfb9d4e95003598b0f2792) Importer(815301076,1909f56bfc062723c751e8b465ee728b)  -> (artifact id: '61219d94e7d6b9dc70ed8c32914a952f') in 0.196483 seconds 
========================================================================
Received Prepare
Registering precompiled user dll's ...
Registered in 0.008815 seconds.
Begin MonoManager ReloadAssembly
Symbol file LoadedFromMemory doesn't match image C:\Unity\TEST\Новая папка\Новая папка\Color Mixer Concept\Library\PackageCache\com.unity.visualscripting@1.7.8\Editor\VisualScripting.Core\Dependencies\YamlDotNet\Unity.VisualScripting.YamlDotNet.dll
Symbol file LoadedFromMemory doesn't match image C:\Unity\TEST\Новая папка\Новая папка\Color Mixer Concept\Library\PackageCache\com.unity.visualscripting@1.7.8\Editor\VisualScripting.Core\Dependencies\DotNetZip\Unity.VisualScripting.IonicZip.dll
Native extension for WindowsStandalone target not found
Native extension for Android target not found
Refreshing native plugins compatible for Editor in 1.18 ms, found 3 plugins.
Preloading 0 native plugins for Editor in 0.00 ms.
Mono: successfully reloaded assembly
- Completed reload, in  1.944 seconds
Domain Reload Profiling:
	ReloadAssembly (1946ms)
		BeginReloadAssembly (375ms)
			ExecutionOrderSort (0ms)
			DisableScriptedObjects (13ms)
			BackupInstance (0ms)
			ReleaseScriptingObjects (0ms)
			CreateAndSetChildDomain (118ms)
		EndReloadAssembly (1387ms)
			LoadAssemblies (211ms)
			RebuildTransferFunctionScriptingTraits (0ms)
			SetupTypeCache (467ms)
			ReleaseScriptCaches (2ms)
			RebuildScriptCaches (56ms)
			SetupLoadedEditorAssemblies (649ms)
				LogAssemblyErrors (0ms)
				InitializePlatformSupportModulesInManaged (33ms)
				SetLoadedEditorAssemblies (1ms)
				RefreshPlugins (1ms)
				BeforeProcessingInitializeOnLoad (120ms)
				ProcessInitializeOnLoadAttributes (366ms)
				ProcessInitializeOnLoadMethodAttributes (119ms)
				AfterProcessingInitializeOnLoad (9ms)
				EditorAssembliesLoaded (0ms)
			ExecutionOrderSort2 (0ms)
			AwakeInstancesAfterBackupRestoration (7ms)
Platform modules already initialized, skipping
Refreshing native plugins compatible for Editor in 2.17 ms, found 3 plugins.
Preloading 0 native plugins for Editor in 0.00 ms.
Unloading 4393 Unused Serialized files (Serialized files now loaded: 0)
Unloading 33 unused Assets / (1.1 MB). Loaded Objects now: 4910.
Memory consumption went from 157.6 MB to 156.4 MB.
Total: 6.076100 ms (FindLiveObjects: 0.418900 ms CreateObjectMapping: 0.340200 ms MarkObjects: 4.746300 ms  DeleteObjects: 0.569300 ms)

AssetImportParameters requested are different than current active one (requested -> active):
  custom:video-decoder-ogg-theora: a1e56fd34408186e4bbccfd4996cb3dc -> 
  custom:container-muxer-webm: aa71ff27fc2769a1b78a27578f13a17b -> 
  custom:container-demuxer-webm: 4f35f7cbe854078d1ac9338744f61a02 -> 
  custom:video-encoder-webm-vp8: eb34c28f22e8b96e1ab97ce403110664 -> 
  custom:audio-encoder-webm-vorbis: bf7c407c2cedff20999df2af8eb42d56 -> 
  custom:framework-win-MediaFoundation: 216162199b28c13a410421893ffa2e32 -> 
  custom:container-demuxer-ogg: 62fdf1f143b41e24485cea50d1cbac27 -> 
  custom:video-decoder-webm-vp8: 9c59270c3fd7afecdb556c50c9e8de78 -> 
  custom:audio-decoder-ogg-vorbis: bf7c407c2cedff20999df2af8eb42d56 -> 
========================================================================
Received Prepare
Registering precompiled user dll's ...
Registered in 0.005818 seconds.
Begin MonoManager ReloadAssembly
Symbol file LoadedFromMemory doesn't match image C:\Unity\TEST\Новая папка\Новая папка\Color Mixer Concept\Library\PackageCache\com.unity.visualscripting@1.7.8\Editor\VisualScripting.Core\Dependencies\YamlDotNet\Unity.VisualScripting.YamlDotNet.dll
Symbol file LoadedFromMemory doesn't match image C:\Unity\TEST\Новая папка\Новая папка\Color Mixer Concept\Library\PackageCache\com.unity.visualscripting@1.7.8\Editor\VisualScripting.Core\Dependencies\DotNetZip\Unity.VisualScripting.IonicZip.dll
Native extension for WindowsStandalone target not found
Native extension for Android target not found
Refreshing native plugins compatible for Editor in 1.14 ms, found 3 plugins.
Preloading 0 native plugins for Editor in 0.00 ms.
Mono: successfully reloaded assembly
- Completed reload, in  2.029 seconds
Domain Reload Profiling:
	ReloadAssembly (2030ms)
		BeginReloadAssembly (303ms)
			ExecutionOrderSort (0ms)
			DisableScriptedObjects (7ms)
			BackupInstance (0ms)
			ReleaseScriptingObjects (0ms)
			CreateAndSetChildDomain (54ms)
		EndReloadAssembly (1334ms)
			LoadAssemblies (251ms)
			RebuildTransferFunctionScriptingTraits (0ms)
			SetupTypeCache (453ms)
			ReleaseScriptCaches (2ms)
			RebuildScriptCaches (63ms)
			SetupLoadedEditorAssemblies (621ms)
				LogAssemblyErrors (0ms)
				InitializePlatformSupportModulesInManaged (38ms)
				SetLoadedEditorAssemblies (1ms)
				RefreshPlugins (1ms)
				BeforeProcessingInitializeOnLoad (112ms)
				ProcessInitializeOnLoadAttributes (362ms)
				ProcessInitializeOnLoadMethodAttributes (98ms)
				AfterProcessingInitializeOnLoad (8ms)
				EditorAssembliesLoaded (0ms)
			ExecutionOrderSort2 (0ms)
			AwakeInstancesAfterBackupRestoration (7ms)
Platform modules already initialized, skipping
Refreshing native plugins compatible for Editor in 2.09 ms, found 3 plugins.
Preloading 0 native plugins for Editor in 0.00 ms.
Unloading 4390 Unused Serialized files (Serialized files now loaded: 0)
Unloading 33 unused Assets / (1.1 MB). Loaded Objects now: 4913.
Memory consumption went from 157.2 MB to 156.1 MB.
Total: 5.323400 ms (FindLiveObjects: 0.269900 ms CreateObjectMapping: 0.174300 ms MarkObjects: 4.446300 ms  DeleteObjects: 0.431300 ms)

AssetImportParameters requested are different than current active one (requested -> active):
  custom:video-decoder-ogg-theora: a1e56fd34408186e4bbccfd4996cb3dc -> 
  custom:container-muxer-webm: aa71ff27fc2769a1b78a27578f13a17b -> 
  custom:container-demuxer-webm: 4f35f7cbe854078d1ac9338744f61a02 -> 
  custom:video-encoder-webm-vp8: eb34c28f22e8b96e1ab97ce403110664 -> 
  custom:audio-encoder-webm-vorbis: bf7c407c2cedff20999df2af8eb42d56 -> 
  custom:framework-win-MediaFoundation: 216162199b28c13a410421893ffa2e32 -> 
  custom:container-demuxer-ogg: 62fdf1f143b41e24485cea50d1cbac27 -> 
  custom:video-decoder-webm-vp8: 9c59270c3fd7afecdb556c50c9e8de78 -> 
  custom:audio-decoder-ogg-vorbis: bf7c407c2cedff20999df2af8eb42d56 -> 
========================================================================
Received Prepare
Registering precompiled user dll's ...
Registered in 0.008186 seconds.
Begin MonoManager ReloadAssembly
Symbol file LoadedFromMemory doesn't match image C:\Unity\TEST\Новая папка\Новая папка\Color Mixer Concept\Library\PackageCache\com.unity.visualscripting@1.7.8\Editor\VisualScripting.Core\Dependencies\YamlDotNet\Unity.VisualScripting.YamlDotNet.dll
Symbol file LoadedFromMemory doesn't match image C:\Unity\TEST\Новая папка\Новая папка\Color Mixer Concept\Library\PackageCache\com.unity.visualscripting@1.7.8\Editor\VisualScripting.Core\Dependencies\DotNetZip\Unity.VisualScripting.IonicZip.dll
Native extension for WindowsStandalone target not found
Native extension for Android target not found
Refreshing native plugins compatible for Editor in 0.76 ms, found 3 plugins.
Preloading 0 native plugins for Editor in 0.00 ms.
Mono: successfully reloaded assembly
- Completed reload, in  2.327 seconds
Domain Reload Profiling:
	ReloadAssembly (2329ms)
		BeginReloadAssembly (279ms)
			ExecutionOrderSort (0ms)
			DisableScriptedObjects (7ms)
			BackupInstance (0ms)
			ReleaseScriptingObjects (1ms)
			CreateAndSetChildDomain (52ms)
		EndReloadAssembly (1562ms)
			LoadAssemblies (321ms)
			RebuildTransferFunctionScriptingTraits (0ms)
			SetupTypeCache (565ms)
			ReleaseScriptCaches (2ms)
			RebuildScriptCaches (67ms)
			SetupLoadedEditorAssemblies (623ms)
				LogAssemblyErrors (0ms)
				InitializePlatformSupportModulesInManaged (29ms)
				SetLoadedEditorAssemblies (1ms)
				RefreshPlugins (1ms)
				BeforeProcessingInitializeOnLoad (129ms)
				ProcessInitializeOnLoadAttributes (348ms)
				ProcessInitializeOnLoadMethodAttributes (107ms)
				AfterProcessingInitializeOnLoad (9ms)
				EditorAssembliesLoaded (0ms)
			ExecutionOrderSort2 (0ms)
			AwakeInstancesAfterBackupRestoration (10ms)
Platform modules already initialized, skipping
Refreshing native plugins compatible for Editor in 2.04 ms, found 3 plugins.
Preloading 0 native plugins for Editor in 0.00 ms.
Unloading 4390 Unused Serialized files (Serialized files now loaded: 0)
Unloading 33 unused Assets / (1.1 MB). Loaded Objects now: 4916.
Memory consumption went from 157.3 MB to 156.2 MB.
Total: 4.876300 ms (FindLiveObjects: 0.280300 ms CreateObjectMapping: 0.163000 ms MarkObjects: 3.904700 ms  DeleteObjects: 0.526800 ms)

AssetImportParameters requested are different than current active one (requested -> active):
  custom:video-decoder-ogg-theora: a1e56fd34408186e4bbccfd4996cb3dc -> 
  custom:container-muxer-webm: aa71ff27fc2769a1b78a27578f13a17b -> 
  custom:container-demuxer-webm: 4f35f7cbe854078d1ac9338744f61a02 -> 
  custom:video-encoder-webm-vp8: eb34c28f22e8b96e1ab97ce403110664 -> 
  custom:audio-encoder-webm-vorbis: bf7c407c2cedff20999df2af8eb42d56 -> 
  custom:framework-win-MediaFoundation: 216162199b28c13a410421893ffa2e32 -> 
  custom:container-demuxer-ogg: 62fdf1f143b41e24485cea50d1cbac27 -> 
  custom:video-decoder-webm-vp8: 9c59270c3fd7afecdb556c50c9e8de78 -> 
  custom:audio-decoder-ogg-vorbis: bf7c407c2cedff20999df2af8eb42d56 -> 
========================================================================
Received Import Request.
  Time since last request: 171.717764 seconds.
  path: Assets/Resources/UI/Prefabs
  artifactKey: Guid(2a148c82c5cc8744a812f2f0f3739664) Importer(815301076,1909f56bfc062723c751e8b465ee728b)
Start importing Assets/Resources/UI/Prefabs using Guid(2a148c82c5cc8744a812f2f0f3739664) Importer(815301076,1909f56bfc062723c751e8b465ee728b)  -> (artifact id: '6829fd11bcc598872a042147cfeacdbe') in 0.024594 seconds 
========================================================================
Received Import Request.
  Time since last request: 7.001297 seconds.
  path: Assets/Resources/Scenes/Level 2.unity
  artifactKey: Guid(74947cdb2006bb54ca3be6bbb44f4770) Importer(815301076,1909f56bfc062723c751e8b465ee728b)
Start importing Assets/Resources/Scenes/Level 2.unity using Guid(74947cdb2006bb54ca3be6bbb44f4770) Importer(815301076,1909f56bfc062723c751e8b465ee728b)  -> (artifact id: 'a3966459ecd52c00cadedff482c01e53') in 0.013753 seconds 
========================================================================
Received Import Request.
  Time since last request: 19.828935 seconds.
  path: Assets/Resources/Prefabs/apple.prefab
  artifactKey: Guid(df74835ea6d42f442936000a552cf536) Importer(815301076,1909f56bfc062723c751e8b465ee728b)
Start importing Assets/Resources/Prefabs/apple.prefab using Guid(df74835ea6d42f442936000a552cf536) Importer(815301076,1909f56bfc062723c751e8b465ee728b)  -> (artifact id: '24ee79b89037f44fe9ad9fd1fa864efa') in 0.139525 seconds 
========================================================================
Received Import Request.
  Time since last request: 0.000121 seconds.
  path: Assets/Resources/Prefabs/Canvas.prefab
  artifactKey: Guid(1785a5608edfd0c4cba16d5dc7663d5b) Importer(815301076,1909f56bfc062723c751e8b465ee728b)
Start importing Assets/Resources/Prefabs/Canvas.prefab using Guid(1785a5608edfd0c4cba16d5dc7663d5b) Importer(815301076,1909f56bfc062723c751e8b465ee728b)  -> (artifact id: '0889c956f64aa816a19ec34f57fa8631') in 0.065695 seconds 
========================================================================
Received Import Request.
  Time since last request: 0.000031 seconds.
  path: Assets/Resources/Prefabs/banana.prefab
  artifactKey: Guid(e3ae776f8fa4c7f49a32d79fadefea4a) Importer(815301076,1909f56bfc062723c751e8b465ee728b)
Start importing Assets/Resources/Prefabs/banana.prefab using Guid(e3ae776f8fa4c7f49a32d79fadefea4a) Importer(815301076,1909f56bfc062723c751e8b465ee728b)  -> (artifact id: '162ebe094149049c333f9a19fcefc6b9') in 0.037145 seconds 
========================================================================
Received Import Request.
  Time since last request: 0.000049 seconds.
  path: Assets/Resources/Prefabs/mask.prefab
  artifactKey: Guid(be37f397b17248141a26f658d0ce8676) Importer(815301076,1909f56bfc062723c751e8b465ee728b)
Start importing Assets/Resources/Prefabs/mask.prefab using Guid(be37f397b17248141a26f658d0ce8676) Importer(815301076,1909f56bfc062723c751e8b465ee728b)  -> (artifact id: '8b7a9b6a5db6e52a397da0680f0ab808') in 0.028292 seconds 
========================================================================
Received Import Request.
  Time since last request: 0.000033 seconds.
  path: Assets/Resources/Prefabs/MainOffice.prefab
  artifactKey: Guid(b889f3a72b437a74991a1305b5ddb9d8) Importer(815301076,1909f56bfc062723c751e8b465ee728b)
Start importing Assets/Resources/Prefabs/MainOffice.prefab using Guid(b889f3a72b437a74991a1305b5ddb9d8) Importer(815301076,1909f56bfc062723c751e8b465ee728b)  -> (artifact id: '53e809fe0a7e7d1b2a5e93408374b656') in 1.445086 seconds 
========================================================================
Received Import Request.
  Time since last request: 0.000041 seconds.
  path: Assets/Resources/Prefabs/LosePanel (1).prefab
  artifactKey: Guid(711928f46c34b804db18d65b76bfa8f6) Importer(815301076,1909f56bfc062723c751e8b465ee728b)
Start importing Assets/Resources/Prefabs/LosePanel (1).prefab using Guid(711928f46c34b804db18d65b76bfa8f6) Importer(815301076,1909f56bfc062723c751e8b465ee728b)  -> (artifact id: 'e6ba18e8a65dc7ff7c5dc25afa5f3051') in 0.016211 seconds 
========================================================================
Received Import Request.
  Time since last request: 0.000047 seconds.
  path: Assets/Resources/Prefabs/tomato.prefab
  artifactKey: Guid(45401cd20e7d0ce448c8d0ab6a22c13a) Importer(815301076,1909f56bfc062723c751e8b465ee728b)
Start importing Assets/Resources/Prefabs/tomato.prefab using Guid(45401cd20e7d0ce448c8d0ab6a22c13a) Importer(815301076,1909f56bfc062723c751e8b465ee728b)  -> (artifact id: '493a36be4f546012816f49b665f74bc0') in 0.038545 seconds 
========================================================================
Received Import Request.
  Time since last request: 0.000033 seconds.
  path: Assets/Resources/Prefabs/WinPanel.prefab
  artifactKey: Guid(b80c5b9b42e7f344891322cc6775424f) Importer(815301076,1909f56bfc062723c751e8b465ee728b)
Start importing Assets/Resources/Prefabs/WinPanel.prefab using Guid(b80c5b9b42e7f344891322cc6775424f) Importer(815301076,1909f56bfc062723c751e8b465ee728b)  -> (artifact id: '8a47abb96e5540e3276e394121d01f6b') in 0.016243 seconds 
========================================================================
Received Import Request.
  Time since last request: 0.000039 seconds.
  path: Assets/Resources/Prefabs/cucumber.prefab
  artifactKey: Guid(36b59901233cafa468cea2565b5921fc) Importer(815301076,1909f56bfc062723c751e8b465ee728b)
Start importing Assets/Resources/Prefabs/cucumber.prefab using Guid(36b59901233cafa468cea2565b5921fc) Importer(815301076,1909f56bfc062723c751e8b465ee728b)  -> (artifact id: '6ed879676c93e10c37c58ef0b8f48331') in 0.026522 seconds 
========================================================================
Received Import Request.
  Time since last request: 0.000028 seconds.
  path: Assets/Resources/Prefabs/egglant.prefab
  artifactKey: Guid(a6719dff061526949930b5c2c0a8a8d2) Importer(815301076,1909f56bfc062723c751e8b465ee728b)
Start importing Assets/Resources/Prefabs/egglant.prefab using Guid(a6719dff061526949930b5c2c0a8a8d2) Importer(815301076,1909f56bfc062723c751e8b465ee728b)  -> (artifact id: '3da549a2b6236c21657ad43a34dc13cf') in 0.038106 seconds 
========================================================================
Received Import Request.
  Time since last request: 0.000027 seconds.
  path: Assets/Resources/Prefabs/cherries.prefab
  artifactKey: Guid(d5d84f705e70c1f48b3e1ce75a1ef5c5) Importer(815301076,1909f56bfc062723c751e8b465ee728b)
Start importing Assets/Resources/Prefabs/cherries.prefab using Guid(d5d84f705e70c1f48b3e1ce75a1ef5c5) Importer(815301076,1909f56bfc062723c751e8b465ee728b)  -> (artifact id: 'b7ebeafae0fc303822d0a53c4d7fba95') in 0.035215 seconds 
========================================================================
Received Import Request.
  Time since last request: 0.000026 seconds.
  path: Assets/Resources/Prefabs/orange.prefab
  artifactKey: Guid(7a8526745f8e8ae4fb2cdefce0fdfc1f) Importer(815301076,1909f56bfc062723c751e8b465ee728b)
Start importing Assets/Resources/Prefabs/orange.prefab using Guid(7a8526745f8e8ae4fb2cdefce0fdfc1f) Importer(815301076,1909f56bfc062723c751e8b465ee728b)  -> (artifact id: '4354ebce4dde36d76ac6dffaa12339b1') in 0.029726 seconds 
========================================================================
Received Import Request.
  Time since last request: 7.977138 seconds.
  path: Assets/Resources/Scenes/Level 1.unity
  artifactKey: Guid(9fc0d4010bbf28b4594072e72b8655ab) Importer(815301076,1909f56bfc062723c751e8b465ee728b)
Start importing Assets/Resources/Scenes/Level 1.unity using Guid(9fc0d4010bbf28b4594072e72b8655ab) Importer(815301076,1909f56bfc062723c751e8b465ee728b)  -> (artifact id: 'dff1d64b4cb6af20a1f115b22410598c') in 0.023862 seconds 
========================================================================
Received Import Request.
  Time since last request: 15.736472 seconds.
  path: Assets/Resources/Shader/DOTweenSettings.asset
  artifactKey: Guid(d7037bd8d87f06a47a3bb2201d8f63e4) Importer(815301076,1909f56bfc062723c751e8b465ee728b)
Start importing Assets/Resources/Shader/DOTweenSettings.asset using Guid(d7037bd8d87f06a47a3bb2201d8f63e4) Importer(815301076,1909f56bfc062723c751e8b465ee728b)  -> (artifact id: '85ca6735f599bd49a7d9e00aff4f0428') in 0.013229 seconds 
========================================================================
Received Import Request.
  Time since last request: 0.000053 seconds.
  path: Assets/Resources/Shader/New Universal Render Pipeline Asset.asset
  artifactKey: Guid(988f366025175ec49a3d404372ef91ba) Importer(815301076,1909f56bfc062723c751e8b465ee728b)
Start importing Assets/Resources/Shader/New Universal Render Pipeline Asset.asset using Guid(988f366025175ec49a3d404372ef91ba) Importer(815301076,1909f56bfc062723c751e8b465ee728b)  -> (artifact id: '58fc49d4811e0a162e3d2a9a6b663d6a') in 0.014052 seconds 
========================================================================
Received Import Request.
  Time since last request: 0.000040 seconds.
  path: Assets/Resources/Shader/UniversalRenderPipelineGlobalSettings.asset
  artifactKey: Guid(8cc732b5a58821042955ec81a677c0a0) Importer(815301076,1909f56bfc062723c751e8b465ee728b)
Start importing Assets/Resources/Shader/UniversalRenderPipelineGlobalSettings.asset using Guid(8cc732b5a58821042955ec81a677c0a0) Importer(815301076,1909f56bfc062723c751e8b465ee728b)  -> (artifact id: 'd1df08408231f801e6b5b3aa61eee700') in 0.014342 seconds 
========================================================================
Received Import Request.
  Time since last request: 0.000044 seconds.
  path: Assets/Resources/Shader/New Universal Render Pipeline Asset_Renderer.asset
  artifactKey: Guid(1948cd31e014b8f4b926cc06cfa2b022) Importer(815301076,1909f56bfc062723c751e8b465ee728b)
Start importing Assets/Resources/Shader/New Universal Render Pipeline Asset_Renderer.asset using Guid(1948cd31e014b8f4b926cc06cfa2b022) Importer(815301076,1909f56bfc062723c751e8b465ee728b)  -> (artifact id: '682c599b07c7d6193614843de2811904') in 0.011049 seconds 
========================================================================
Received Import Request.
  Time since last request: 86.121200 seconds.
  path: Assets/Resources/Scenes/Level 2.unity
  artifactKey: Guid(74947cdb2006bb54ca3be6bbb44f4770) Importer(815301076,1909f56bfc062723c751e8b465ee728b)
Start importing Assets/Resources/Scenes/Level 2.unity using Guid(74947cdb2006bb54ca3be6bbb44f4770) Importer(815301076,1909f56bfc062723c751e8b465ee728b)  -> (artifact id: '6f628d560132159b3fdbaf2e28dd5f11') in 0.008567 seconds 
========================================================================
Received Import Request.
  Time since last request: 26.175824 seconds.
  path: Assets/Resources/Scenes/Level 3.unity
  artifactKey: Guid(1cea6f171046e7041a0c97f24aa29c82) Importer(815301076,1909f56bfc062723c751e8b465ee728b)
Start importing Assets/Resources/Scenes/Level 3.unity using Guid(1cea6f171046e7041a0c97f24aa29c82) Importer(815301076,1909f56bfc062723c751e8b465ee728b)  -> (artifact id: '2d828bede833748dcca3e802bffc85cd') in 0.013451 seconds 
========================================================================
Received Import Request.
  Time since last request: 17.061498 seconds.
  path: Assets/Resources/Scenes/Level 1.unity
  artifactKey: Guid(9fc0d4010bbf28b4594072e72b8655ab) Importer(815301076,1909f56bfc062723c751e8b465ee728b)
Start importing Assets/Resources/Scenes/Level 1.unity using Guid(9fc0d4010bbf28b4594072e72b8655ab) Importer(815301076,1909f56bfc062723c751e8b465ee728b)  -> (artifact id: '7527705ba24bf113ab4544651158de7d') in 0.004458 seconds 
========================================================================
Received Prepare
Registering precompiled user dll's ...
Registered in 0.006812 seconds.
Begin MonoManager ReloadAssembly
Symbol file LoadedFromMemory doesn't match image C:\Unity\TEST\Новая папка\Новая папка\Color Mixer Concept\Library\PackageCache\com.unity.visualscripting@1.7.8\Editor\VisualScripting.Core\Dependencies\YamlDotNet\Unity.VisualScripting.YamlDotNet.dll
Symbol file LoadedFromMemory doesn't match image C:\Unity\TEST\Новая папка\Новая папка\Color Mixer Concept\Library\PackageCache\com.unity.visualscripting@1.7.8\Editor\VisualScripting.Core\Dependencies\DotNetZip\Unity.VisualScripting.IonicZip.dll
Native extension for WindowsStandalone target not found
Native extension for Android target not found
Refreshing native plugins compatible for Editor in 0.89 ms, found 3 plugins.
Preloading 0 native plugins for Editor in 0.00 ms.
Mono: successfully reloaded assembly
- Completed reload, in  2.657 seconds
Domain Reload Profiling:
	ReloadAssembly (2658ms)
		BeginReloadAssembly (432ms)
			ExecutionOrderSort (0ms)
			DisableScriptedObjects (5ms)
			BackupInstance (0ms)
			ReleaseScriptingObjects (0ms)
			CreateAndSetChildDomain (82ms)
		EndReloadAssembly (1820ms)
			LoadAssemblies (406ms)
			RebuildTransferFunctionScriptingTraits (0ms)
			SetupTypeCache (860ms)
			ReleaseScriptCaches (3ms)
			RebuildScriptCaches (81ms)
			SetupLoadedEditorAssemblies (603ms)
				LogAssemblyErrors (0ms)
				InitializePlatformSupportModulesInManaged (37ms)
				SetLoadedEditorAssemblies (1ms)
				RefreshPlugins (1ms)
				BeforeProcessingInitializeOnLoad (143ms)
				ProcessInitializeOnLoadAttributes (308ms)
				ProcessInitializeOnLoadMethodAttributes (103ms)
				AfterProcessingInitializeOnLoad (10ms)
				EditorAssembliesLoaded (0ms)
			ExecutionOrderSort2 (0ms)
			AwakeInstancesAfterBackupRestoration (9ms)
Platform modules already initialized, skipping
Refreshing native plugins compatible for Editor in 2.56 ms, found 3 plugins.
Preloading 0 native plugins for Editor in 0.00 ms.
Unloading 4390 Unused Serialized files (Serialized files now loaded: 0)
Unloading 33 unused Assets / (0.8 MB). Loaded Objects now: 4924.
Memory consumption went from 157.8 MB to 157.0 MB.
Total: 5.067300 ms (FindLiveObjects: 0.346700 ms CreateObjectMapping: 0.183000 ms MarkObjects: 4.241300 ms  DeleteObjects: 0.295000 ms)

AssetImportParameters requested are different than current active one (requested -> active):
  custom:video-decoder-ogg-theora: a1e56fd34408186e4bbccfd4996cb3dc -> 
  custom:container-muxer-webm: aa71ff27fc2769a1b78a27578f13a17b -> 
  custom:container-demuxer-webm: 4f35f7cbe854078d1ac9338744f61a02 -> 
  custom:video-encoder-webm-vp8: eb34c28f22e8b96e1ab97ce403110664 -> 
  custom:audio-encoder-webm-vorbis: bf7c407c2cedff20999df2af8eb42d56 -> 
  custom:framework-win-MediaFoundation: 216162199b28c13a410421893ffa2e32 -> 
  custom:container-demuxer-ogg: 62fdf1f143b41e24485cea50d1cbac27 -> 
  custom:video-decoder-webm-vp8: 9c59270c3fd7afecdb556c50c9e8de78 -> 
  custom:audio-decoder-ogg-vorbis: bf7c407c2cedff20999df2af8eb42d56 -> 
========================================================================
Received Prepare
Registering precompiled user dll's ...
Registered in 0.022488 seconds.
Begin MonoManager ReloadAssembly
Symbol file LoadedFromMemory doesn't match image C:\Unity\TEST\Новая папка\Новая папка\Color Mixer Concept\Library\PackageCache\com.unity.visualscripting@1.7.8\Editor\VisualScripting.Core\Dependencies\YamlDotNet\Unity.VisualScripting.YamlDotNet.dll
Symbol file LoadedFromMemory doesn't match image C:\Unity\TEST\Новая папка\Новая папка\Color Mixer Concept\Library\PackageCache\com.unity.visualscripting@1.7.8\Editor\VisualScripting.Core\Dependencies\DotNetZip\Unity.VisualScripting.IonicZip.dll
Native extension for WindowsStandalone target not found
Native extension for Android target not found
Refreshing native plugins compatible for Editor in 2.27 ms, found 3 plugins.
Preloading 0 native plugins for Editor in 0.00 ms.
Mono: successfully reloaded assembly
- Completed reload, in  4.447 seconds
Domain Reload Profiling:
	ReloadAssembly (4451ms)
		BeginReloadAssembly (468ms)
			ExecutionOrderSort (0ms)
			DisableScriptedObjects (7ms)
			BackupInstance (0ms)
			ReleaseScriptingObjects (0ms)
			CreateAndSetChildDomain (113ms)
		EndReloadAssembly (3529ms)
			LoadAssemblies (393ms)
			RebuildTransferFunctionScriptingTraits (0ms)
			SetupTypeCache (1072ms)
			ReleaseScriptCaches (6ms)
			RebuildScriptCaches (199ms)
			SetupLoadedEditorAssemblies (1744ms)
				LogAssemblyErrors (0ms)
				InitializePlatformSupportModulesInManaged (87ms)
				SetLoadedEditorAssemblies (2ms)
				RefreshPlugins (3ms)
				BeforeProcessingInitializeOnLoad (311ms)
				ProcessInitializeOnLoadAttributes (993ms)
				ProcessInitializeOnLoadMethodAttributes (319ms)
				AfterProcessingInitializeOnLoad (29ms)
				EditorAssembliesLoaded (0ms)
			ExecutionOrderSort2 (0ms)
			AwakeInstancesAfterBackupRestoration (24ms)
Platform modules already initialized, skipping
Refreshing native plugins compatible for Editor in 5.52 ms, found 3 plugins.
Preloading 0 native plugins for Editor in 0.00 ms.
Unloading 4389 Unused Serialized files (Serialized files now loaded: 0)
Unloading 32 unused Assets / (0.8 MB). Loaded Objects now: 4927.
Memory consumption went from 157.7 MB to 156.9 MB.
Total: 10.640800 ms (FindLiveObjects: 1.685000 ms CreateObjectMapping: 0.897100 ms MarkObjects: 7.334000 ms  DeleteObjects: 0.720400 ms)

AssetImportParameters requested are different than current active one (requested -> active):
  custom:video-decoder-ogg-theora: a1e56fd34408186e4bbccfd4996cb3dc -> 
  custom:container-muxer-webm: aa71ff27fc2769a1b78a27578f13a17b -> 
  custom:container-demuxer-webm: 4f35f7cbe854078d1ac9338744f61a02 -> 
  custom:video-encoder-webm-vp8: eb34c28f22e8b96e1ab97ce403110664 -> 
  custom:audio-encoder-webm-vorbis: bf7c407c2cedff20999df2af8eb42d56 -> 
  custom:framework-win-MediaFoundation: 216162199b28c13a410421893ffa2e32 -> 
  custom:container-demuxer-ogg: 62fdf1f143b41e24485cea50d1cbac27 -> 
  custom:video-decoder-webm-vp8: 9c59270c3fd7afecdb556c50c9e8de78 -> 
  custom:audio-decoder-ogg-vorbis: bf7c407c2cedff20999df2af8eb42d56 -> 
========================================================================
Received Import Request.
  Time since last request: 102.676125 seconds.
  path: Assets/Resources/Prefabs/egglant.prefab
  artifactKey: Guid(a6719dff061526949930b5c2c0a8a8d2) Importer(815301076,1909f56bfc062723c751e8b465ee728b)
Start importing Assets/Resources/Prefabs/egglant.prefab using Guid(a6719dff061526949930b5c2c0a8a8d2) Importer(815301076,1909f56bfc062723c751e8b465ee728b)  -> (artifact id: 'aff07e5b21d4ec373408f86c063b9950') in 0.109348 seconds 
